mode: set
github.com/GeovaneCavalcante/tree-genealogical/pkg/genealogy/genealogy.go:47.40,50.2 2 1
github.com/GeovaneCavalcante/tree-genealogical/pkg/genealogy/genealogy.go:53.149,71.2 6 1
github.com/GeovaneCavalcante/tree-genealogical/pkg/genealogy/genealogy.go:74.82,76.2 1 1
github.com/GeovaneCavalcante/tree-genealogical/pkg/genealogy/genealogy.go:79.141,83.23 2 1
github.com/GeovaneCavalcante/tree-genealogical/pkg/genealogy/genealogy.go:83.23,85.3 1 1
github.com/GeovaneCavalcante/tree-genealogical/pkg/genealogy/genealogy.go:88.2,97.19 3 1
github.com/GeovaneCavalcante/tree-genealogical/pkg/genealogy/genealogy.go:97.19,98.40 1 1
github.com/GeovaneCavalcante/tree-genealogical/pkg/genealogy/genealogy.go:98.40,99.45 1 1
github.com/GeovaneCavalcante/tree-genealogical/pkg/genealogy/genealogy.go:99.45,101.5 1 1
github.com/GeovaneCavalcante/tree-genealogical/pkg/genealogy/genealogy.go:106.2,121.18 3 1
github.com/GeovaneCavalcante/tree-genealogical/pkg/genealogy/genealogy.go:121.18,122.38 1 1
github.com/GeovaneCavalcante/tree-genealogical/pkg/genealogy/genealogy.go:122.38,123.60 1 1
github.com/GeovaneCavalcante/tree-genealogical/pkg/genealogy/genealogy.go:123.60,125.5 1 1
github.com/GeovaneCavalcante/tree-genealogical/pkg/genealogy/genealogy.go:129.2,129.24 1 1
github.com/GeovaneCavalcante/tree-genealogical/pkg/genealogy/genealogy.go:133.177,134.21 1 1
github.com/GeovaneCavalcante/tree-genealogical/pkg/genealogy/genealogy.go:134.21,136.3 1 1
github.com/GeovaneCavalcante/tree-genealogical/pkg/genealogy/genealogy.go:137.2,137.54 1 1
github.com/GeovaneCavalcante/tree-genealogical/pkg/genealogy/genealogy.go:137.54,139.75 2 1
github.com/GeovaneCavalcante/tree-genealogical/pkg/genealogy/genealogy.go:139.75,140.12 1 1
github.com/GeovaneCavalcante/tree-genealogical/pkg/genealogy/genealogy.go:143.3,149.82 4 1
github.com/GeovaneCavalcante/tree-genealogical/pkg/genealogy/genealogy.go:153.2,153.18 1 1
github.com/GeovaneCavalcante/tree-genealogical/pkg/genealogy/genealogy.go:158.179,159.21 1 1
github.com/GeovaneCavalcante/tree-genealogical/pkg/genealogy/genealogy.go:159.21,161.3 1 1
github.com/GeovaneCavalcante/tree-genealogical/pkg/genealogy/genealogy.go:162.2,162.33 1 1
github.com/GeovaneCavalcante/tree-genealogical/pkg/genealogy/genealogy.go:162.33,163.53 1 1
github.com/GeovaneCavalcante/tree-genealogical/pkg/genealogy/genealogy.go:163.53,164.51 1 1
github.com/GeovaneCavalcante/tree-genealogical/pkg/genealogy/genealogy.go:164.51,166.47 1 1
github.com/GeovaneCavalcante/tree-genealogical/pkg/genealogy/genealogy.go:166.47,169.6 2 1
github.com/GeovaneCavalcante/tree-genealogical/pkg/genealogy/genealogy.go:171.5,171.79 1 1
github.com/GeovaneCavalcante/tree-genealogical/pkg/genealogy/genealogy.go:175.2,175.18 1 1
github.com/GeovaneCavalcante/tree-genealogical/pkg/genealogy/genealogy.go:179.180,180.21 1 1
github.com/GeovaneCavalcante/tree-genealogical/pkg/genealogy/genealogy.go:180.21,182.3 1 1
github.com/GeovaneCavalcante/tree-genealogical/pkg/genealogy/genealogy.go:183.2,183.33 1 1
github.com/GeovaneCavalcante/tree-genealogical/pkg/genealogy/genealogy.go:183.33,184.53 1 1
github.com/GeovaneCavalcante/tree-genealogical/pkg/genealogy/genealogy.go:184.53,185.51 1 1
github.com/GeovaneCavalcante/tree-genealogical/pkg/genealogy/genealogy.go:185.51,187.74 1 1
github.com/GeovaneCavalcante/tree-genealogical/pkg/genealogy/genealogy.go:187.74,194.6 3 1
github.com/GeovaneCavalcante/tree-genealogical/pkg/genealogy/genealogy.go:198.2,198.18 1 1
github.com/GeovaneCavalcante/tree-genealogical/pkg/genealogy/genealogy.go:202.113,204.21 2 1
github.com/GeovaneCavalcante/tree-genealogical/pkg/genealogy/genealogy.go:204.21,206.3 1 1
github.com/GeovaneCavalcante/tree-genealogical/pkg/genealogy/genealogy.go:207.2,207.30 1 1
github.com/GeovaneCavalcante/tree-genealogical/pkg/genealogy/genealogy.go:207.30,208.22 1 1
github.com/GeovaneCavalcante/tree-genealogical/pkg/genealogy/genealogy.go:208.22,209.12 1 1
github.com/GeovaneCavalcante/tree-genealogical/pkg/genealogy/genealogy.go:211.3,211.55 1 1
github.com/GeovaneCavalcante/tree-genealogical/pkg/genealogy/genealogy.go:211.55,212.51 1 1
github.com/GeovaneCavalcante/tree-genealogical/pkg/genealogy/genealogy.go:212.51,214.5 1 1
github.com/GeovaneCavalcante/tree-genealogical/pkg/genealogy/genealogy.go:217.2,217.12 1 1
github.com/GeovaneCavalcante/tree-genealogical/pkg/genealogy/genealogy.go:220.113,221.21 1 1
github.com/GeovaneCavalcante/tree-genealogical/pkg/genealogy/genealogy.go:221.21,223.3 1 1
github.com/GeovaneCavalcante/tree-genealogical/pkg/genealogy/genealogy.go:225.2,225.32 1 1
github.com/GeovaneCavalcante/tree-genealogical/pkg/genealogy/genealogy.go:225.32,227.3 1 1
github.com/GeovaneCavalcante/tree-genealogical/pkg/genealogy/genealogy.go:230.2,230.33 1 1
github.com/GeovaneCavalcante/tree-genealogical/pkg/genealogy/genealogy.go:230.33,232.3 1 1
github.com/GeovaneCavalcante/tree-genealogical/pkg/genealogy/genealogy.go:235.2,235.51 1 1
github.com/GeovaneCavalcante/tree-genealogical/pkg/genealogy/genealogy.go:239.73,240.54 1 1
github.com/GeovaneCavalcante/tree-genealogical/pkg/genealogy/genealogy.go:240.54,241.49 1 1
github.com/GeovaneCavalcante/tree-genealogical/pkg/genealogy/genealogy.go:241.49,243.4 1 1
github.com/GeovaneCavalcante/tree-genealogical/pkg/genealogy/genealogy.go:245.2,245.14 1 1
github.com/GeovaneCavalcante/tree-genealogical/pkg/genealogy/genealogy.go:249.74,250.53 1 1
github.com/GeovaneCavalcante/tree-genealogical/pkg/genealogy/genealogy.go:250.53,251.50 1 1
github.com/GeovaneCavalcante/tree-genealogical/pkg/genealogy/genealogy.go:251.50,253.4 1 1
github.com/GeovaneCavalcante/tree-genealogical/pkg/genealogy/genealogy.go:255.2,255.14 1 1
github.com/GeovaneCavalcante/tree-genealogical/pkg/genealogy/genealogy.go:259.108,260.53 1 1
github.com/GeovaneCavalcante/tree-genealogical/pkg/genealogy/genealogy.go:260.53,261.61 1 1
github.com/GeovaneCavalcante/tree-genealogical/pkg/genealogy/genealogy.go:261.61,262.74 1 1
github.com/GeovaneCavalcante/tree-genealogical/pkg/genealogy/genealogy.go:262.74,264.5 1 1
github.com/GeovaneCavalcante/tree-genealogical/pkg/genealogy/genealogy.go:267.2,267.11 1 1
github.com/GeovaneCavalcante/tree-genealogical/pkg/genealogy/genealogy.go:271.114,272.21 1 1
github.com/GeovaneCavalcante/tree-genealogical/pkg/genealogy/genealogy.go:272.21,274.3 1 1
github.com/GeovaneCavalcante/tree-genealogical/pkg/genealogy/genealogy.go:275.2,275.30 1 1
github.com/GeovaneCavalcante/tree-genealogical/pkg/genealogy/genealogy.go:275.30,276.55 1 1
github.com/GeovaneCavalcante/tree-genealogical/pkg/genealogy/genealogy.go:276.55,277.23 1 1
github.com/GeovaneCavalcante/tree-genealogical/pkg/genealogy/genealogy.go:277.23,278.13 1 1
github.com/GeovaneCavalcante/tree-genealogical/pkg/genealogy/genealogy.go:280.4,280.51 1 1
github.com/GeovaneCavalcante/tree-genealogical/pkg/genealogy/genealogy.go:280.51,282.5 1 1
github.com/GeovaneCavalcante/tree-genealogical/pkg/genealogy/genealogy.go:285.2,285.12 1 1
github.com/GeovaneCavalcante/tree-genealogical/pkg/genealogy/genealogy.go:289.148,296.2 2 1
github.com/GeovaneCavalcante/tree-genealogical/pkg/genealogy/genealogy.go:299.105,300.30 1 1
github.com/GeovaneCavalcante/tree-genealogical/pkg/genealogy/genealogy.go:300.30,301.22 1 1
github.com/GeovaneCavalcante/tree-genealogical/pkg/genealogy/genealogy.go:301.22,302.12 1 1
github.com/GeovaneCavalcante/tree-genealogical/pkg/genealogy/genealogy.go:304.3,304.33 1 1
github.com/GeovaneCavalcante/tree-genealogical/pkg/genealogy/genealogy.go:304.33,306.4 1 1
github.com/GeovaneCavalcante/tree-genealogical/pkg/genealogy/genealogy.go:308.2,308.14 1 1
github.com/GeovaneCavalcante/tree-genealogical/pkg/genealogy/genealogy.go:312.55,313.48 1 1
github.com/GeovaneCavalcante/tree-genealogical/pkg/genealogy/genealogy.go:313.48,314.39 1 1
github.com/GeovaneCavalcante/tree-genealogical/pkg/genealogy/genealogy.go:314.39,316.4 1 1
github.com/GeovaneCavalcante/tree-genealogical/pkg/genealogy/genealogy.go:317.3,317.25 1 1
github.com/GeovaneCavalcante/tree-genealogical/pkg/genealogy/genealogy.go:319.2,319.24 1 1
github.com/GeovaneCavalcante/tree-genealogical/pkg/genealogy/genealogy.go:323.54,324.35 1 1
github.com/GeovaneCavalcante/tree-genealogical/pkg/genealogy/genealogy.go:324.35,326.3 1 1
github.com/GeovaneCavalcante/tree-genealogical/pkg/genealogy/genealogy.go:327.2,327.40 1 1
github.com/GeovaneCavalcante/tree-genealogical/pkg/genealogy/genealogy.go:327.40,328.27 1 1
github.com/GeovaneCavalcante/tree-genealogical/pkg/genealogy/genealogy.go:328.27,330.4 1 1
github.com/GeovaneCavalcante/tree-genealogical/pkg/genealogy/genealogy.go:332.2,332.14 1 1
github.com/GeovaneCavalcante/tree-genealogical/pkg/genealogy/genealogy.go:336.69,337.33 1 1
github.com/GeovaneCavalcante/tree-genealogical/pkg/genealogy/genealogy.go:337.33,338.22 1 1
github.com/GeovaneCavalcante/tree-genealogical/pkg/genealogy/genealogy.go:338.22,340.4 1 1
github.com/GeovaneCavalcante/tree-genealogical/pkg/genealogy/genealogy.go:342.2,342.12 1 1
