mode: set
github.com/GeovaneCavalcante/tree-genealogical/familytree/service.go:20.128,26.2 1 1
github.com/GeovaneCavalcante/tree-genealogical/familytree/service.go:28.107,33.16 3 1
github.com/GeovaneCavalcante/tree-genealogical/familytree/service.go:33.16,36.3 2 1
github.com/GeovaneCavalcante/tree-genealogical/familytree/service.go:38.2,40.16 2 1
github.com/GeovaneCavalcante/tree-genealogical/familytree/service.go:40.16,43.3 2 1
github.com/GeovaneCavalcante/tree-genealogical/familytree/service.go:45.2,48.23 3 1
github.com/GeovaneCavalcante/tree-genealogical/familytree/service.go:51.137,55.16 3 1
github.com/GeovaneCavalcante/tree-genealogical/familytree/service.go:55.16,58.3 2 1
github.com/GeovaneCavalcante/tree-genealogical/familytree/service.go:60.2,61.16 2 1
github.com/GeovaneCavalcante/tree-genealogical/familytree/service.go:61.16,64.3 2 1
github.com/GeovaneCavalcante/tree-genealogical/familytree/service.go:65.2,67.25 2 1
github.com/GeovaneCavalcante/tree-genealogical/familytree/service.go:67.25,70.3 2 1
github.com/GeovaneCavalcante/tree-genealogical/familytree/service.go:72.2,72.37 1 1
github.com/GeovaneCavalcante/tree-genealogical/familytree/service.go:72.37,73.64 1 1
github.com/GeovaneCavalcante/tree-genealogical/familytree/service.go:73.64,76.4 2 1
github.com/GeovaneCavalcante/tree-genealogical/familytree/service.go:79.2,81.16 2 1
github.com/GeovaneCavalcante/tree-genealogical/familytree/service.go:84.120,87.16 3 1
github.com/GeovaneCavalcante/tree-genealogical/familytree/service.go:87.16,90.3 2 1
github.com/GeovaneCavalcante/tree-genealogical/familytree/service.go:91.2,92.16 2 1
github.com/GeovaneCavalcante/tree-genealogical/familytree/service.go:92.16,95.3 2 1
github.com/GeovaneCavalcante/tree-genealogical/familytree/service.go:97.2,99.25 2 1
github.com/GeovaneCavalcante/tree-genealogical/familytree/service.go:99.25,102.3 2 1
github.com/GeovaneCavalcante/tree-genealogical/familytree/service.go:104.2,104.37 1 1
github.com/GeovaneCavalcante/tree-genealogical/familytree/service.go:104.37,105.64 1 1
github.com/GeovaneCavalcante/tree-genealogical/familytree/service.go:105.64,108.4 2 1
github.com/GeovaneCavalcante/tree-genealogical/familytree/service.go:111.2,113.15 2 1
github.com/GeovaneCavalcante/tree-genealogical/pkg/genealogy/genealogy.go:65.40,68.2 2 1
github.com/GeovaneCavalcante/tree-genealogical/pkg/genealogy/genealogy.go:71.149,89.2 6 1
github.com/GeovaneCavalcante/tree-genealogical/pkg/genealogy/genealogy.go:92.82,94.2 1 1
github.com/GeovaneCavalcante/tree-genealogical/pkg/genealogy/genealogy.go:97.141,101.23 2 1
github.com/GeovaneCavalcante/tree-genealogical/pkg/genealogy/genealogy.go:101.23,103.3 1 1
github.com/GeovaneCavalcante/tree-genealogical/pkg/genealogy/genealogy.go:106.2,109.19 2 1
github.com/GeovaneCavalcante/tree-genealogical/pkg/genealogy/genealogy.go:109.19,110.40 1 1
github.com/GeovaneCavalcante/tree-genealogical/pkg/genealogy/genealogy.go:110.40,111.45 1 1
github.com/GeovaneCavalcante/tree-genealogical/pkg/genealogy/genealogy.go:111.45,113.5 1 1
github.com/GeovaneCavalcante/tree-genealogical/pkg/genealogy/genealogy.go:118.2,123.18 2 1
github.com/GeovaneCavalcante/tree-genealogical/pkg/genealogy/genealogy.go:123.18,124.38 1 1
github.com/GeovaneCavalcante/tree-genealogical/pkg/genealogy/genealogy.go:124.38,125.60 1 1
github.com/GeovaneCavalcante/tree-genealogical/pkg/genealogy/genealogy.go:125.60,127.5 1 1
github.com/GeovaneCavalcante/tree-genealogical/pkg/genealogy/genealogy.go:131.2,131.24 1 1
github.com/GeovaneCavalcante/tree-genealogical/pkg/genealogy/genealogy.go:135.177,136.21 1 1
github.com/GeovaneCavalcante/tree-genealogical/pkg/genealogy/genealogy.go:136.21,138.3 1 1
github.com/GeovaneCavalcante/tree-genealogical/pkg/genealogy/genealogy.go:139.2,139.54 1 1
github.com/GeovaneCavalcante/tree-genealogical/pkg/genealogy/genealogy.go:139.54,141.75 2 1
github.com/GeovaneCavalcante/tree-genealogical/pkg/genealogy/genealogy.go:141.75,142.12 1 1
github.com/GeovaneCavalcante/tree-genealogical/pkg/genealogy/genealogy.go:145.3,151.82 4 1
github.com/GeovaneCavalcante/tree-genealogical/pkg/genealogy/genealogy.go:155.2,155.18 1 1
github.com/GeovaneCavalcante/tree-genealogical/pkg/genealogy/genealogy.go:160.179,161.21 1 1
github.com/GeovaneCavalcante/tree-genealogical/pkg/genealogy/genealogy.go:161.21,163.3 1 1
github.com/GeovaneCavalcante/tree-genealogical/pkg/genealogy/genealogy.go:164.2,164.33 1 1
github.com/GeovaneCavalcante/tree-genealogical/pkg/genealogy/genealogy.go:164.33,165.53 1 1
github.com/GeovaneCavalcante/tree-genealogical/pkg/genealogy/genealogy.go:165.53,166.51 1 1
github.com/GeovaneCavalcante/tree-genealogical/pkg/genealogy/genealogy.go:166.51,168.47 1 1
github.com/GeovaneCavalcante/tree-genealogical/pkg/genealogy/genealogy.go:168.47,171.6 2 1
github.com/GeovaneCavalcante/tree-genealogical/pkg/genealogy/genealogy.go:173.5,173.79 1 1
github.com/GeovaneCavalcante/tree-genealogical/pkg/genealogy/genealogy.go:177.2,177.18 1 1
github.com/GeovaneCavalcante/tree-genealogical/pkg/genealogy/genealogy.go:181.180,182.21 1 1
github.com/GeovaneCavalcante/tree-genealogical/pkg/genealogy/genealogy.go:182.21,184.3 1 1
github.com/GeovaneCavalcante/tree-genealogical/pkg/genealogy/genealogy.go:185.2,185.33 1 1
github.com/GeovaneCavalcante/tree-genealogical/pkg/genealogy/genealogy.go:185.33,186.53 1 1
github.com/GeovaneCavalcante/tree-genealogical/pkg/genealogy/genealogy.go:186.53,187.51 1 1
github.com/GeovaneCavalcante/tree-genealogical/pkg/genealogy/genealogy.go:187.51,189.74 1 1
github.com/GeovaneCavalcante/tree-genealogical/pkg/genealogy/genealogy.go:189.74,196.6 3 1
github.com/GeovaneCavalcante/tree-genealogical/pkg/genealogy/genealogy.go:200.2,200.18 1 1
github.com/GeovaneCavalcante/tree-genealogical/pkg/genealogy/genealogy.go:204.113,206.21 2 1
github.com/GeovaneCavalcante/tree-genealogical/pkg/genealogy/genealogy.go:206.21,208.3 1 1
github.com/GeovaneCavalcante/tree-genealogical/pkg/genealogy/genealogy.go:209.2,209.30 1 1
github.com/GeovaneCavalcante/tree-genealogical/pkg/genealogy/genealogy.go:209.30,210.22 1 1
github.com/GeovaneCavalcante/tree-genealogical/pkg/genealogy/genealogy.go:210.22,211.12 1 1
github.com/GeovaneCavalcante/tree-genealogical/pkg/genealogy/genealogy.go:213.3,213.55 1 1
github.com/GeovaneCavalcante/tree-genealogical/pkg/genealogy/genealogy.go:213.55,214.51 1 1
github.com/GeovaneCavalcante/tree-genealogical/pkg/genealogy/genealogy.go:214.51,216.5 1 1
github.com/GeovaneCavalcante/tree-genealogical/pkg/genealogy/genealogy.go:219.2,219.12 1 1
github.com/GeovaneCavalcante/tree-genealogical/pkg/genealogy/genealogy.go:222.113,223.21 1 1
github.com/GeovaneCavalcante/tree-genealogical/pkg/genealogy/genealogy.go:223.21,225.3 1 1
github.com/GeovaneCavalcante/tree-genealogical/pkg/genealogy/genealogy.go:227.2,227.32 1 1
github.com/GeovaneCavalcante/tree-genealogical/pkg/genealogy/genealogy.go:227.32,229.3 1 1
github.com/GeovaneCavalcante/tree-genealogical/pkg/genealogy/genealogy.go:232.2,232.33 1 1
github.com/GeovaneCavalcante/tree-genealogical/pkg/genealogy/genealogy.go:232.33,234.3 1 1
github.com/GeovaneCavalcante/tree-genealogical/pkg/genealogy/genealogy.go:237.2,237.51 1 1
github.com/GeovaneCavalcante/tree-genealogical/pkg/genealogy/genealogy.go:241.73,242.54 1 1
github.com/GeovaneCavalcante/tree-genealogical/pkg/genealogy/genealogy.go:242.54,243.49 1 1
github.com/GeovaneCavalcante/tree-genealogical/pkg/genealogy/genealogy.go:243.49,245.4 1 1
github.com/GeovaneCavalcante/tree-genealogical/pkg/genealogy/genealogy.go:247.2,247.14 1 1
github.com/GeovaneCavalcante/tree-genealogical/pkg/genealogy/genealogy.go:251.74,252.53 1 1
github.com/GeovaneCavalcante/tree-genealogical/pkg/genealogy/genealogy.go:252.53,253.50 1 1
github.com/GeovaneCavalcante/tree-genealogical/pkg/genealogy/genealogy.go:253.50,255.4 1 1
github.com/GeovaneCavalcante/tree-genealogical/pkg/genealogy/genealogy.go:257.2,257.14 1 1
github.com/GeovaneCavalcante/tree-genealogical/pkg/genealogy/genealogy.go:261.108,262.53 1 1
github.com/GeovaneCavalcante/tree-genealogical/pkg/genealogy/genealogy.go:262.53,263.61 1 1
github.com/GeovaneCavalcante/tree-genealogical/pkg/genealogy/genealogy.go:263.61,264.74 1 1
github.com/GeovaneCavalcante/tree-genealogical/pkg/genealogy/genealogy.go:264.74,266.5 1 1
github.com/GeovaneCavalcante/tree-genealogical/pkg/genealogy/genealogy.go:269.2,269.11 1 1
github.com/GeovaneCavalcante/tree-genealogical/pkg/genealogy/genealogy.go:273.114,274.21 1 1
github.com/GeovaneCavalcante/tree-genealogical/pkg/genealogy/genealogy.go:274.21,276.3 1 1
github.com/GeovaneCavalcante/tree-genealogical/pkg/genealogy/genealogy.go:277.2,277.30 1 1
github.com/GeovaneCavalcante/tree-genealogical/pkg/genealogy/genealogy.go:277.30,278.55 1 1
github.com/GeovaneCavalcante/tree-genealogical/pkg/genealogy/genealogy.go:278.55,279.23 1 1
github.com/GeovaneCavalcante/tree-genealogical/pkg/genealogy/genealogy.go:279.23,280.13 1 1
github.com/GeovaneCavalcante/tree-genealogical/pkg/genealogy/genealogy.go:282.4,282.51 1 1
github.com/GeovaneCavalcante/tree-genealogical/pkg/genealogy/genealogy.go:282.51,284.5 1 1
github.com/GeovaneCavalcante/tree-genealogical/pkg/genealogy/genealogy.go:287.2,287.12 1 1
github.com/GeovaneCavalcante/tree-genealogical/pkg/genealogy/genealogy.go:291.148,298.2 2 1
github.com/GeovaneCavalcante/tree-genealogical/pkg/genealogy/genealogy.go:301.105,302.30 1 1
github.com/GeovaneCavalcante/tree-genealogical/pkg/genealogy/genealogy.go:302.30,303.22 1 1
github.com/GeovaneCavalcante/tree-genealogical/pkg/genealogy/genealogy.go:303.22,304.12 1 1
github.com/GeovaneCavalcante/tree-genealogical/pkg/genealogy/genealogy.go:306.3,306.33 1 1
github.com/GeovaneCavalcante/tree-genealogical/pkg/genealogy/genealogy.go:306.33,308.4 1 1
github.com/GeovaneCavalcante/tree-genealogical/pkg/genealogy/genealogy.go:310.2,310.14 1 1
github.com/GeovaneCavalcante/tree-genealogical/pkg/genealogy/genealogy.go:314.55,315.48 1 1
github.com/GeovaneCavalcante/tree-genealogical/pkg/genealogy/genealogy.go:315.48,316.39 1 1
github.com/GeovaneCavalcante/tree-genealogical/pkg/genealogy/genealogy.go:316.39,318.4 1 1
github.com/GeovaneCavalcante/tree-genealogical/pkg/genealogy/genealogy.go:319.3,319.25 1 1
github.com/GeovaneCavalcante/tree-genealogical/pkg/genealogy/genealogy.go:321.2,321.24 1 1
github.com/GeovaneCavalcante/tree-genealogical/pkg/genealogy/genealogy.go:325.54,326.35 1 1
github.com/GeovaneCavalcante/tree-genealogical/pkg/genealogy/genealogy.go:326.35,328.3 1 1
github.com/GeovaneCavalcante/tree-genealogical/pkg/genealogy/genealogy.go:329.2,329.40 1 1
github.com/GeovaneCavalcante/tree-genealogical/pkg/genealogy/genealogy.go:329.40,330.27 1 1
github.com/GeovaneCavalcante/tree-genealogical/pkg/genealogy/genealogy.go:330.27,332.4 1 1
github.com/GeovaneCavalcante/tree-genealogical/pkg/genealogy/genealogy.go:334.2,334.14 1 1
github.com/GeovaneCavalcante/tree-genealogical/pkg/genealogy/genealogy.go:338.69,339.33 1 1
github.com/GeovaneCavalcante/tree-genealogical/pkg/genealogy/genealogy.go:339.33,340.22 1 1
github.com/GeovaneCavalcante/tree-genealogical/pkg/genealogy/genealogy.go:340.22,342.4 1 1
github.com/GeovaneCavalcante/tree-genealogical/pkg/genealogy/genealogy.go:344.2,344.12 1 1
github.com/GeovaneCavalcante/tree-genealogical/person/service.go:15.43,19.2 1 1
github.com/GeovaneCavalcante/tree-genealogical/person/service.go:21.76,25.16 3 1
github.com/GeovaneCavalcante/tree-genealogical/person/service.go:25.16,28.3 2 1
github.com/GeovaneCavalcante/tree-genealogical/person/service.go:30.2,31.12 2 1
github.com/GeovaneCavalcante/tree-genealogical/person/service.go:34.85,38.16 3 1
github.com/GeovaneCavalcante/tree-genealogical/person/service.go:38.16,41.3 2 1
github.com/GeovaneCavalcante/tree-genealogical/person/service.go:43.2,44.20 2 1
github.com/GeovaneCavalcante/tree-genealogical/person/service.go:47.103,51.16 3 1
github.com/GeovaneCavalcante/tree-genealogical/person/service.go:51.16,54.3 2 1
github.com/GeovaneCavalcante/tree-genealogical/person/service.go:56.2,56.23 1 1
github.com/GeovaneCavalcante/tree-genealogical/person/service.go:56.23,59.3 2 1
github.com/GeovaneCavalcante/tree-genealogical/person/service.go:61.2,62.21 2 1
github.com/GeovaneCavalcante/tree-genealogical/person/service.go:65.93,69.16 3 1
github.com/GeovaneCavalcante/tree-genealogical/person/service.go:69.16,72.3 2 1
github.com/GeovaneCavalcante/tree-genealogical/person/service.go:74.2,74.14 1 1
github.com/GeovaneCavalcante/tree-genealogical/person/service.go:74.14,77.3 2 1
github.com/GeovaneCavalcante/tree-genealogical/person/service.go:79.2,80.16 2 1
github.com/GeovaneCavalcante/tree-genealogical/person/service.go:80.16,83.3 2 1
github.com/GeovaneCavalcante/tree-genealogical/person/service.go:85.2,86.12 2 1
github.com/GeovaneCavalcante/tree-genealogical/person/service.go:89.70,93.16 3 1
github.com/GeovaneCavalcante/tree-genealogical/person/service.go:93.16,96.3 2 1
github.com/GeovaneCavalcante/tree-genealogical/person/service.go:98.2,98.14 1 1
github.com/GeovaneCavalcante/tree-genealogical/person/service.go:98.14,101.3 2 1
github.com/GeovaneCavalcante/tree-genealogical/person/service.go:103.2,104.16 2 1
github.com/GeovaneCavalcante/tree-genealogical/person/service.go:104.16,107.3 2 1
github.com/GeovaneCavalcante/tree-genealogical/person/service.go:109.2,110.12 2 1
github.com/GeovaneCavalcante/tree-genealogical/relationship/service.go:15.43,19.2 1 1
github.com/GeovaneCavalcante/tree-genealogical/relationship/service.go:21.88,25.16 3 1
github.com/GeovaneCavalcante/tree-genealogical/relationship/service.go:25.16,28.3 2 1
github.com/GeovaneCavalcante/tree-genealogical/relationship/service.go:30.2,31.12 2 1
github.com/GeovaneCavalcante/tree-genealogical/relationship/service.go:34.97,38.16 3 1
github.com/GeovaneCavalcante/tree-genealogical/relationship/service.go:38.16,41.3 2 1
github.com/GeovaneCavalcante/tree-genealogical/relationship/service.go:43.2,44.26 2 1
github.com/GeovaneCavalcante/tree-genealogical/relationship/service.go:47.109,51.16 3 1
github.com/GeovaneCavalcante/tree-genealogical/relationship/service.go:51.16,54.3 2 1
github.com/GeovaneCavalcante/tree-genealogical/relationship/service.go:56.2,57.27 2 1
github.com/GeovaneCavalcante/tree-genealogical/relationship/service.go:60.111,64.16 3 1
github.com/GeovaneCavalcante/tree-genealogical/relationship/service.go:64.16,67.3 2 1
github.com/GeovaneCavalcante/tree-genealogical/relationship/service.go:69.2,69.14 1 1
github.com/GeovaneCavalcante/tree-genealogical/relationship/service.go:69.14,72.3 2 1
github.com/GeovaneCavalcante/tree-genealogical/relationship/service.go:74.2,75.16 2 1
github.com/GeovaneCavalcante/tree-genealogical/relationship/service.go:75.16,78.3 2 1
github.com/GeovaneCavalcante/tree-genealogical/relationship/service.go:80.2,81.12 2 1
github.com/GeovaneCavalcante/tree-genealogical/relationship/service.go:84.76,88.16 3 1
github.com/GeovaneCavalcante/tree-genealogical/relationship/service.go:88.16,91.3 2 1
github.com/GeovaneCavalcante/tree-genealogical/relationship/service.go:93.2,93.14 1 1
github.com/GeovaneCavalcante/tree-genealogical/relationship/service.go:93.14,96.3 2 1
github.com/GeovaneCavalcante/tree-genealogical/relationship/service.go:98.2,99.16 2 1
github.com/GeovaneCavalcante/tree-genealogical/relationship/service.go:99.16,102.3 2 1
github.com/GeovaneCavalcante/tree-genealogical/relationship/service.go:104.2,105.12 2 1
github.com/GeovaneCavalcante/tree-genealogical/internal/http/presenter/familytree.go:27.72,31.2 1 1
github.com/GeovaneCavalcante/tree-genealogical/internal/http/presenter/familytree.go:33.83,37.2 1 1
github.com/GeovaneCavalcante/tree-genealogical/internal/http/presenter/familytree.go:39.78,42.37 2 1
github.com/GeovaneCavalcante/tree-genealogical/internal/http/presenter/familytree.go:42.37,43.29 1 1
github.com/GeovaneCavalcante/tree-genealogical/internal/http/presenter/familytree.go:43.29,44.12 1 1
github.com/GeovaneCavalcante/tree-genealogical/internal/http/presenter/familytree.go:47.3,53.53 2 1
github.com/GeovaneCavalcante/tree-genealogical/internal/http/presenter/familytree.go:53.53,54.32 1 1
github.com/GeovaneCavalcante/tree-genealogical/internal/http/presenter/familytree.go:54.32,55.13 1 1
github.com/GeovaneCavalcante/tree-genealogical/internal/http/presenter/familytree.go:57.4,59.6 1 1
github.com/GeovaneCavalcante/tree-genealogical/internal/http/presenter/familytree.go:62.3,62.36 1 1
github.com/GeovaneCavalcante/tree-genealogical/internal/http/presenter/familytree.go:65.2,67.3 1 1
github.com/GeovaneCavalcante/tree-genealogical/internal/http/presenter/person.go:19.63,25.2 1 1
github.com/GeovaneCavalcante/tree-genealogical/internal/http/presenter/person.go:27.69,29.28 2 1
github.com/GeovaneCavalcante/tree-genealogical/internal/http/presenter/person.go:29.28,31.3 1 1
github.com/GeovaneCavalcante/tree-genealogical/internal/http/presenter/person.go:32.2,32.17 1 1
github.com/GeovaneCavalcante/tree-genealogical/internal/http/presenter/person.go:35.61,40.2 1 1
github.com/GeovaneCavalcante/tree-genealogical/internal/http/presenter/person.go:42.51,47.2 1 1
github.com/GeovaneCavalcante/tree-genealogical/internal/http/presenter/person.go:49.42,52.2 2 1
github.com/GeovaneCavalcante/tree-genealogical/internal/http/presenter/relationship.go:19.105,25.2 1 1
github.com/GeovaneCavalcante/tree-genealogical/internal/http/presenter/relationship.go:27.111,29.34 2 1
github.com/GeovaneCavalcante/tree-genealogical/internal/http/presenter/relationship.go:29.34,31.3 1 1
github.com/GeovaneCavalcante/tree-genealogical/internal/http/presenter/relationship.go:32.2,32.17 1 1
github.com/GeovaneCavalcante/tree-genealogical/internal/http/presenter/relationship.go:35.95,40.2 1 1
github.com/GeovaneCavalcante/tree-genealogical/internal/http/presenter/relationship.go:42.78,47.2 1 1
github.com/GeovaneCavalcante/tree-genealogical/internal/http/presenter/relationship.go:49.57,52.2 2 1
github.com/GeovaneCavalcante/tree-genealogical/internal/http/gin/familytree.go:22.69,23.30 1 1
github.com/GeovaneCavalcante/tree-genealogical/internal/http/gin/familytree.go:23.30,27.26 3 1
github.com/GeovaneCavalcante/tree-genealogical/internal/http/gin/familytree.go:27.26,31.4 3 1
github.com/GeovaneCavalcante/tree-genealogical/internal/http/gin/familytree.go:33.3,34.17 2 1
github.com/GeovaneCavalcante/tree-genealogical/internal/http/gin/familytree.go:34.17,38.4 3 1
github.com/GeovaneCavalcante/tree-genealogical/internal/http/gin/familytree.go:40.3,44.37 3 1
github.com/GeovaneCavalcante/tree-genealogical/internal/http/gin/familytree.go:59.73,60.30 1 1
github.com/GeovaneCavalcante/tree-genealogical/internal/http/gin/familytree.go:60.30,65.42 4 1
github.com/GeovaneCavalcante/tree-genealogical/internal/http/gin/familytree.go:65.42,69.4 3 1
github.com/GeovaneCavalcante/tree-genealogical/internal/http/gin/familytree.go:71.3,71.60 1 1
github.com/GeovaneCavalcante/tree-genealogical/internal/http/gin/familytree.go:71.60,75.4 3 1
github.com/GeovaneCavalcante/tree-genealogical/internal/http/gin/familytree.go:77.3,78.17 2 1
github.com/GeovaneCavalcante/tree-genealogical/internal/http/gin/familytree.go:78.17,82.4 3 1
github.com/GeovaneCavalcante/tree-genealogical/internal/http/gin/familytree.go:84.3,88.61 3 1
github.com/GeovaneCavalcante/tree-genealogical/internal/http/gin/familytree.go:104.68,105.30 1 1
github.com/GeovaneCavalcante/tree-genealogical/internal/http/gin/familytree.go:105.30,110.42 4 1
github.com/GeovaneCavalcante/tree-genealogical/internal/http/gin/familytree.go:110.42,114.4 3 1
github.com/GeovaneCavalcante/tree-genealogical/internal/http/gin/familytree.go:116.3,116.60 1 1
github.com/GeovaneCavalcante/tree-genealogical/internal/http/gin/familytree.go:116.60,120.4 3 1
github.com/GeovaneCavalcante/tree-genealogical/internal/http/gin/familytree.go:122.3,123.17 2 1
github.com/GeovaneCavalcante/tree-genealogical/internal/http/gin/familytree.go:123.17,127.4 3 1
github.com/GeovaneCavalcante/tree-genealogical/internal/http/gin/familytree.go:129.3,133.59 3 1
github.com/GeovaneCavalcante/tree-genealogical/internal/http/gin/familytree.go:137.71,141.2 3 1
github.com/GeovaneCavalcante/tree-genealogical/internal/http/gin/handler.go:23.164,43.2 13 1
github.com/GeovaneCavalcante/tree-genealogical/internal/http/gin/handler.go:45.36,47.2 1 1
github.com/GeovaneCavalcante/tree-genealogical/internal/http/gin/handler.go:49.66,51.31 2 1
github.com/GeovaneCavalcante/tree-genealogical/internal/http/gin/handler.go:52.37,54.9 2 1
github.com/GeovaneCavalcante/tree-genealogical/internal/http/gin/handler.go:55.26,57.9 2 1
github.com/GeovaneCavalcante/tree-genealogical/internal/http/gin/handler.go:58.76,60.17 2 1
github.com/GeovaneCavalcante/tree-genealogical/internal/http/gin/handler.go:60.17,63.4 2 1
github.com/GeovaneCavalcante/tree-genealogical/internal/http/gin/handler.go:64.3,65.9 2 1
github.com/GeovaneCavalcante/tree-genealogical/internal/http/gin/handler.go:66.10,68.9 2 1
github.com/GeovaneCavalcante/tree-genealogical/internal/http/gin/handler.go:72.54,73.37 1 1
github.com/GeovaneCavalcante/tree-genealogical/internal/http/gin/handler.go:74.57,75.43 1 1
github.com/GeovaneCavalcante/tree-genealogical/internal/http/gin/handler.go:75.43,77.4 1 1
github.com/GeovaneCavalcante/tree-genealogical/internal/http/gin/handler.go:78.76,80.17 2 1
github.com/GeovaneCavalcante/tree-genealogical/internal/http/gin/handler.go:80.17,82.4 1 1
github.com/GeovaneCavalcante/tree-genealogical/internal/http/gin/handler.go:83.3,83.51 1 1
github.com/GeovaneCavalcante/tree-genealogical/internal/http/gin/handler.go:83.51,85.4 1 1
github.com/GeovaneCavalcante/tree-genealogical/internal/http/gin/handler.go:86.10,87.41 1 1
github.com/GeovaneCavalcante/tree-genealogical/internal/http/gin/handler.go:87.41,89.4 1 1
github.com/GeovaneCavalcante/tree-genealogical/internal/http/gin/handler.go:91.2,91.12 1 1
github.com/GeovaneCavalcante/tree-genealogical/internal/http/gin/handler.go:94.33,96.2 1 1
github.com/GeovaneCavalcante/tree-genealogical/internal/http/gin/person.go:24.60,25.30 1 1
github.com/GeovaneCavalcante/tree-genealogical/internal/http/gin/person.go:25.30,28.41 3 1
github.com/GeovaneCavalcante/tree-genealogical/internal/http/gin/person.go:28.41,32.4 3 1
github.com/GeovaneCavalcante/tree-genealogical/internal/http/gin/person.go:34.3,36.38 2 1
github.com/GeovaneCavalcante/tree-genealogical/internal/http/gin/person.go:36.38,40.4 3 1
github.com/GeovaneCavalcante/tree-genealogical/internal/http/gin/person.go:42.3,44.41 2 1
github.com/GeovaneCavalcante/tree-genealogical/internal/http/gin/person.go:44.41,48.4 3 1
github.com/GeovaneCavalcante/tree-genealogical/internal/http/gin/person.go:50.3,53.47 3 1
github.com/GeovaneCavalcante/tree-genealogical/internal/http/gin/person.go:66.58,67.30 1 1
github.com/GeovaneCavalcante/tree-genealogical/internal/http/gin/person.go:67.30,73.17 4 1
github.com/GeovaneCavalcante/tree-genealogical/internal/http/gin/person.go:73.17,77.4 3 1
github.com/GeovaneCavalcante/tree-genealogical/internal/http/gin/person.go:79.3,79.24 1 1
github.com/GeovaneCavalcante/tree-genealogical/internal/http/gin/person.go:79.24,83.4 3 1
github.com/GeovaneCavalcante/tree-genealogical/internal/http/gin/person.go:85.3,88.38 3 1
github.com/GeovaneCavalcante/tree-genealogical/internal/http/gin/person.go:102.57,103.30 1 1
github.com/GeovaneCavalcante/tree-genealogical/internal/http/gin/person.go:103.30,108.24 3 1
github.com/GeovaneCavalcante/tree-genealogical/internal/http/gin/person.go:108.24,112.4 3 1
github.com/GeovaneCavalcante/tree-genealogical/internal/http/gin/person.go:114.3,115.17 2 1
github.com/GeovaneCavalcante/tree-genealogical/internal/http/gin/person.go:115.17,119.4 3 1
github.com/GeovaneCavalcante/tree-genealogical/internal/http/gin/person.go:121.3,121.15 1 1
github.com/GeovaneCavalcante/tree-genealogical/internal/http/gin/person.go:121.15,125.4 3 1
github.com/GeovaneCavalcante/tree-genealogical/internal/http/gin/person.go:127.3,130.38 3 1
github.com/GeovaneCavalcante/tree-genealogical/internal/http/gin/person.go:146.60,147.30 1 1
github.com/GeovaneCavalcante/tree-genealogical/internal/http/gin/person.go:147.30,151.24 3 1
github.com/GeovaneCavalcante/tree-genealogical/internal/http/gin/person.go:151.24,155.4 3 1
github.com/GeovaneCavalcante/tree-genealogical/internal/http/gin/person.go:157.3,158.41 2 1
github.com/GeovaneCavalcante/tree-genealogical/internal/http/gin/person.go:158.41,162.4 3 1
github.com/GeovaneCavalcante/tree-genealogical/internal/http/gin/person.go:164.3,164.38 1 1
github.com/GeovaneCavalcante/tree-genealogical/internal/http/gin/person.go:164.38,168.4 3 1
github.com/GeovaneCavalcante/tree-genealogical/internal/http/gin/person.go:170.3,172.51 2 1
github.com/GeovaneCavalcante/tree-genealogical/internal/http/gin/person.go:172.51,176.4 3 1
github.com/GeovaneCavalcante/tree-genealogical/internal/http/gin/person.go:178.3,181.42 3 1
github.com/GeovaneCavalcante/tree-genealogical/internal/http/gin/person.go:195.60,196.30 1 1
github.com/GeovaneCavalcante/tree-genealogical/internal/http/gin/person.go:196.30,199.24 2 1
github.com/GeovaneCavalcante/tree-genealogical/internal/http/gin/person.go:199.24,203.4 3 1
github.com/GeovaneCavalcante/tree-genealogical/internal/http/gin/person.go:205.3,207.47 2 1
github.com/GeovaneCavalcante/tree-genealogical/internal/http/gin/person.go:207.47,211.4 3 1
github.com/GeovaneCavalcante/tree-genealogical/internal/http/gin/person.go:213.3,214.46 2 1
github.com/GeovaneCavalcante/tree-genealogical/internal/http/gin/person.go:218.63,224.2 5 1
github.com/GeovaneCavalcante/tree-genealogical/internal/http/gin/relationship.go:22.72,23.30 1 1
github.com/GeovaneCavalcante/tree-genealogical/internal/http/gin/relationship.go:23.30,26.41 3 1
github.com/GeovaneCavalcante/tree-genealogical/internal/http/gin/relationship.go:26.41,30.4 3 1
github.com/GeovaneCavalcante/tree-genealogical/internal/http/gin/relationship.go:32.3,32.38 1 1
github.com/GeovaneCavalcante/tree-genealogical/internal/http/gin/relationship.go:32.38,36.4 3 1
github.com/GeovaneCavalcante/tree-genealogical/internal/http/gin/relationship.go:38.3,40.41 2 1
github.com/GeovaneCavalcante/tree-genealogical/internal/http/gin/relationship.go:40.41,44.4 3 1
github.com/GeovaneCavalcante/tree-genealogical/internal/http/gin/relationship.go:46.3,50.43 3 1
github.com/GeovaneCavalcante/tree-genealogical/internal/http/gin/relationship.go:62.70,63.30 1 1
github.com/GeovaneCavalcante/tree-genealogical/internal/http/gin/relationship.go:63.30,68.17 4 1
github.com/GeovaneCavalcante/tree-genealogical/internal/http/gin/relationship.go:68.17,72.4 3 1
github.com/GeovaneCavalcante/tree-genealogical/internal/http/gin/relationship.go:74.3,74.30 1 1
github.com/GeovaneCavalcante/tree-genealogical/internal/http/gin/relationship.go:74.30,78.4 3 1
github.com/GeovaneCavalcante/tree-genealogical/internal/http/gin/relationship.go:80.3,84.38 3 1
github.com/GeovaneCavalcante/tree-genealogical/internal/http/gin/relationship.go:98.69,99.30 1 1
github.com/GeovaneCavalcante/tree-genealogical/internal/http/gin/relationship.go:99.30,103.30 3 1
github.com/GeovaneCavalcante/tree-genealogical/internal/http/gin/relationship.go:103.30,107.4 3 1
github.com/GeovaneCavalcante/tree-genealogical/internal/http/gin/relationship.go:109.3,110.17 2 1
github.com/GeovaneCavalcante/tree-genealogical/internal/http/gin/relationship.go:110.17,114.4 3 1
github.com/GeovaneCavalcante/tree-genealogical/internal/http/gin/relationship.go:116.3,116.15 1 1
github.com/GeovaneCavalcante/tree-genealogical/internal/http/gin/relationship.go:116.15,120.4 3 1
github.com/GeovaneCavalcante/tree-genealogical/internal/http/gin/relationship.go:122.3,126.38 3 1
github.com/GeovaneCavalcante/tree-genealogical/internal/http/gin/relationship.go:142.72,143.30 1 1
github.com/GeovaneCavalcante/tree-genealogical/internal/http/gin/relationship.go:143.30,147.30 3 1
github.com/GeovaneCavalcante/tree-genealogical/internal/http/gin/relationship.go:147.30,151.4 3 1
github.com/GeovaneCavalcante/tree-genealogical/internal/http/gin/relationship.go:153.3,154.41 2 1
github.com/GeovaneCavalcante/tree-genealogical/internal/http/gin/relationship.go:154.41,158.4 3 1
github.com/GeovaneCavalcante/tree-genealogical/internal/http/gin/relationship.go:160.3,160.38 1 1
github.com/GeovaneCavalcante/tree-genealogical/internal/http/gin/relationship.go:160.38,164.4 3 1
github.com/GeovaneCavalcante/tree-genealogical/internal/http/gin/relationship.go:166.3,168.57 2 1
github.com/GeovaneCavalcante/tree-genealogical/internal/http/gin/relationship.go:168.57,172.4 3 1
github.com/GeovaneCavalcante/tree-genealogical/internal/http/gin/relationship.go:174.3,178.38 3 1
github.com/GeovaneCavalcante/tree-genealogical/internal/http/gin/relationship.go:192.72,193.30 1 1
github.com/GeovaneCavalcante/tree-genealogical/internal/http/gin/relationship.go:193.30,197.30 3 1
github.com/GeovaneCavalcante/tree-genealogical/internal/http/gin/relationship.go:197.30,201.4 3 1
github.com/GeovaneCavalcante/tree-genealogical/internal/http/gin/relationship.go:203.3,203.53 1 1
github.com/GeovaneCavalcante/tree-genealogical/internal/http/gin/relationship.go:203.53,207.4 3 1
github.com/GeovaneCavalcante/tree-genealogical/internal/http/gin/relationship.go:209.3,210.46 2 1
github.com/GeovaneCavalcante/tree-genealogical/internal/http/gin/relationship.go:214.75,220.2 5 1
